         w __deregister_frame_info
         w __register_frame_info
         w userAppExit
         w userAppInit
00000000 00000802 B __ctru_dev_utf16_buf
00000000 A __sync_synchronize
00000000 b _TLS_MODULE_BASE_
00000000 a shift
00000000 a shift
00000804 00000401 B __ctru_dev_path_buf
00100000 A __start__
00100000 T _start
00100008 T __service_ptr
0010000c T __apt_appid
00100010 T __heap_size
00100014 T __linear_heap_size
00100018 T __system_arglist
0010001c T __system_runflags
00100020 t startup
00100058 t ClearMem
0010006c t ClrLoop
00100094 T _init
001000ac T __aeabi_idiv
001000ac 00000220 T __divsi3
001000b4 t .divsi3_skip_div0_test
001002cc 00000020 T __aeabi_idivmod
001002ec 00000004 W __aeabi_idiv0
001002ec 00000004 W __aeabi_ldiv0
001002f0 T __aeabi_uldivmod
00100348 00000390 T strcmp
001006d0 t .udivsi3_skip_div0_test
001006d0 T __aeabi_uidiv
001006d0 000001ec T __udivsi3
001008bc 00000020 T __aeabi_uidivmod
001008dc T __aeabi_drsub
001008e4 000002b0 T __aeabi_dsub
001008e4 000002b0 T __subdf3
001008e8 000002ac T __adddf3
001008e8 000002ac T __aeabi_dadd
00100b94 00000024 T __aeabi_ui2d
00100b94 00000024 T __floatunsidf
00100bb8 00000028 T __aeabi_i2d
00100bb8 00000028 T __floatsidf
00100be0 00000048 T __aeabi_f2d
00100be0 00000048 T __extendsfdf2
00100c28 00000074 T __aeabi_ul2d
00100c28 00000074 T __floatundidf
00100c3c 00000060 T __aeabi_l2d
00100c3c 00000060 T __floatdidf
00100c9c t __do_global_dtors_aux
00100cec t frame_dummy
00100d18 00000054 t create_key_mask.part.0
00100d6c 000000d0 t prompt_ip.constprop.0
00100e3c 0000037c T main
001011b8 000001c8 T consoleDrawChar
00101380 00000170 T consolePrintChar
001014f0 00000cc8 T con_write
001021b8 000000fc t newRow
001022b4 00000180 T consoleInit
00102434 000000cc t gfxPresentFramebuffer
00102500 0000001c T gfxIsWide
0010251c 000000f8 T gfxSetScreenFormat
00102614 00000010 T gfxSetDoubleBuffering
00102624 000000d8 T gfxInit
001026fc 00000010 T gfxInitDefault
0010270c 000000b8 T gfxExit
001027c4 000000a0 T gfxGetFramebuffer
00102864 00000100 T gfxFlushBuffers
00102964 00000050 T gfxSwapBuffersGpu
001029b4 00000180 t aptConvertScreenForCapture
00102b34 00000008 W aptDspSleep
00102b3c 00000004 W aptDspWakeup
00102b40 00000004 W aptDspCancel
00102b44 00000138 T aptSendCommand
00102c80 00000044 t aptExitProcess
00102cc4 00000394 T aptExit
00103058 000000d8 T aptHandleSleep
00103130 0000001c T aptSetMessageCallback
0010314c 00000084 T APT_SleepIfShellClosed
001031d0 00000078 T aptSetSleepAllowed
00103248 00000084 T APT_UnlockTransition
001032d0 00000470 t aptEventHandler
00103740 000000bc T APT_ReceiveParameter
001037fc 000000b0 t aptReceiveParameter.constprop.0
001038b0 00000294 t aptScreenTransfer
00103b44 000002d0 t aptWaitForWakeUp.isra.0
00103e14 00000114 T aptLaunchLibraryApplet
00103f28 000000f4 T aptJumpToHomeMenu
0010401c 00000058 T aptMainLoop
00104074 00000240 T aptInit
001042b4 0000005c T APT_SendParameter
00104310 00000090 T APT_CheckNew3DS
001043a0 00000c70 t gspHardwareInit
00105010 00000288 T gspInit
00105298 00000104 T gspExit
0010539c 00000010 T gspHasGpuRight
001053ac 000000a4 T gspPresentBuffer
00105450 00000050 T gspWaitForEvent
001054a0 00000004 W gxCmdQueueInterrupt
001054a4 00000154 t gspEventThreadMain
001055f8 00000050 T GSPGPU_FlushDataCache
00105648 00000034 T GSPGPU_SetLcdForceBlack
0010567c 00000084 T GSPGPU_AcquireRight
00105700 00000064 T GSPGPU_ReleaseRight
00105764 0000007c T GSPGPU_ImportDisplayCaptureInfo
001057e0 0000002c T GSPGPU_SaveVramSysArea
0010580c 0000002c T GSPGPU_RestoreVramSysArea
00105838 00000024 W hidShouldUseIrrst
0010585c 000001cc T hidInit
00105a28 000000e8 T hidExit
00105b10 000002a0 T hidScanInput
00105db0 00000010 T hidKeysHeld
00105dc0 00000010 T hidKeysDown
00105dd0 000001a4 T irrstInit
00105f74 000000dc T irrstExit
00106050 000000b4 T irrstScanInput
00106104 00000024 T irrstKeysHeld
00106128 00000174 T connect
0010629c 00000070 T inet_pton
0010630c 00000034 t soc_read
00106340 00000034 t soc_write
00106374 000000b0 t soc_close
00106424 00000190 T socInit
001065b4 00000088 T socExit
0010663c 00000020 T recv
0010665c 00000148 T socuipc_cmd7
001067a4 00000168 T socuipc_cmd8
0010690c 00000010 T soc_recvfrom
0010691c 000000a4 T recvfrom
001069c0 00000020 T send
001069e0 0000015c T socuipc_cmd9
00106b3c 00000160 T socuipc_cmda
00106c9c 00000010 T soc_sendto
00106cac 000000a4 T sendto
00106d50 00000108 T shutdown
00106e58 0000016c T socket
00106fc4 00000190 t swkbdMessageCallback
00107154 00000084 T swkbdInit
001071d8 00000064 T swkbdSetHintText
0010723c 00000088 T swkbdSetButton
001072c4 000003a8 T swkbdInputText
0010766c 000000e8 T utf16_to_utf8
00107754 000000c0 T utf8_to_utf16
00107814 00000038 W __libctru_init
0010784c 0000016c W __system_initArgv
001079b8 00000030 T __syscall_getreent
001079e8 00000004 T __syscall_lock_acquire
001079ec 00000004 T __syscall_lock_release
001079f0 00000004 T __syscall_lock_acquire_recursive
001079f4 00000004 T __syscall_lock_release_recursive
001079f8 00000004 T __syscall_exit
001079fc 00000054 T initThreadVars
00107a50 00000080 T __system_initSyscalls
00107ad0 T svcControlMemory
00107af0 T svcQueryMemory
00107b20 T svcExitProcess
00107b28 T svcCreateThread
00107b48 T svcExitThread
00107b50 T svcSleepThread
00107b58 T svcReleaseMutex
00107b60 T svcCreateEvent
00107b74 T svcSignalEvent
00107b7c T svcClearEvent
00107b84 T svcCreateMemoryBlock
00107b9c T svcMapMemoryBlock
00107ba4 T svcUnmapMemoryBlock
00107bac T svcCreateAddressArbiter
00107bc0 T svcArbitrateAddressNoTimeout
00107bc8 T svcCloseHandle
00107bd0 T svcWaitSynchronization
00107bd8 T svcWaitSynchronizationN
00107c00 T svcDuplicateHandle
00107c14 T svcConnectToPort
00107c28 T svcSendSyncRequest
00107c30 T svcGetResourceLimit
00107c44 T svcGetResourceLimitLimitValues
00107c4c T svcGetResourceLimitCurrentValues
00107c54 T svcBreak
00107c5c W initSystem
00107cac W __ctru_exit
00107cc0 00000024 t addrMapNodeComparator(rbtree_node const*, rbtree_node const*)
00107ce4 00000004 t addrMapNodeDestructor(rbtree_node*)
00107ce8 0000012c T linearMemAlign
00107e14 00000008 T linearAlloc
00107e1c 0000005c T linearFree
00107e78 00000088 T MemPool::CoalesceRight(MemBlock*)
00107f00 00000178 T MemPool::Allocate(MemChunk&, unsigned long, int)
00108078 00000118 T MemPool::Deallocate(MemChunk const&)
00108190 00000030 T MemPool::GetFreeSpace()
001081c0 00000024 t addrMapNodeComparator(rbtree_node const*, rbtree_node const*)
001081e4 00000004 t addrMapNodeDestructor(rbtree_node*)
001081e8 00000248 T vramMemAlignAt
00108430 0000000c T vramAlloc
0010843c 00000094 T vramFree
001084d0 0000008c W envGetHandle
0010855c 00000050 W envDestroyHandles
001085ac 00000034 T __ctru_speedup_config
001085e0 00000164 T srvInit
00108744 00000064 T srvExit
001087a8 00000060 T srvEnableNotification
00108808 000000a0 T srvGetServiceHandleDirect
001088a8 00000048 T srvGetServiceHandle
001088f0 00000034 T srvSubscribe
00108924 00000060 T srvReceiveNotification
00108984 00000038 T srvPublishToSubscriber
001089bc 0000000c T __sync_init
001089c8 00000018 T __sync_fini
001089e0 00000028 T syncArbitrateAddress
00108a08 000000ac T LightLock_Lock
00108ab4 00000040 T LightLock_Unlock
00108af4 00000054 T RecursiveLock_Lock
00108b48 00000054 T RecursiveLock_Unlock
00108b9c 00000044 T LightEvent_Init
00108be0 000000b8 T LightEvent_Clear
00108c98 000000dc T LightEvent_Signal
00108d74 00000050 T LightEvent_TryWait
00108dc4 000000ac T LightEvent_Wait
00108e70 000001fc T threadCreate
0010906c 00000038 T threadFree
001090a4 00000024 T threadJoin
001090c8 00000030 T threadGetCurrent
001090f8 00000040 T threadExit
00109138 00000020 t _thread_begin
00109158 00000090 t mappableFindAddressWithin
001091e8 00000028 T mappableInit
00109210 0000007c T mappableAlloc
0010928c 00000004 T mappableFree
00109290 00000078 T ptmSysmInit
00109308 0000003c T ptmSysmExit
00109344 00000034 T PTMSYSM_ConfigureNew3DSCPU
00109378 0000000c T srvPmGetSessionHandle
00109384 0000003c T _net_convert_error
001093c0 00000074 T rbtree_find
00109434 00000010 T rbtree_init
00109444 00000198 t do_insert
001095dc 00000008 T rbtree_insert
001095e4 00000310 T rbtree_remove
001098f4 00000090 T rbtree_rotate
00109984 00000054 T decode_utf16
001099d8 00000140 T decode_utf8
00109b18 00000054 T encode_utf16
00109b6c 000000e0 T encode_utf8
00109c50 000001e8 W __system_allocateHeaps
00109e38 00000030 W __appExit
00109e68 00000030 W __appInit
00109e98 00000090 W __libctru_exit
00109f28 00000024 t error_cmp
00109f4c 00000050 t archive_translate_error
00109f9c 000000c0 t archive_seek
0010a05c 00000078 t _archiveInit.part.0
0010a0d4 00000110 t archiveFindDevice.part.0
0010a1e4 00000298 t archive_utf16path
0010a47c 00000098 t _archiveUnmountDeviceStruct.part.0
0010a514 00000178 t _archiveMountDevice
0010a68c 000000f8 t archive_diropen
0010a784 000000ac t archive_fstat
0010a830 00000074 t archive_fsync
0010a8a4 00000074 t archive_close
0010a918 00000078 t archive_dirclose
0010a990 000000ec t sdmc_statvfs
0010aa7c 000000f8 t archive_chdir
0010ab74 0000008c t archive_ftruncate
0010ac00 000000bc t archive_read
0010acbc 000000a8 t archive_unlink
0010ad64 000000c0 t archive_rmdir
0010ae24 000000d8 t archive_mkdir
0010aefc 000001a0 t archive_stat
0010b09c 00000164 t archive_dirnext
0010b200 0000013c t archive_write
0010b340 00000254 t archive_open
0010b594 00000270 t archive_rename
0010b804 000001c8 T archiveMountSdmc
0010b9cc 00000054 T archiveUnmountAll
0010ba20 00000104 T fsInit
0010bb24 0000003c T fsExit
0010bb60 00000068 T fsExemptFromSession
0010bbc8 00000050 T fsUnexemptFromSession
0010bc18 000000cc T FSUSER_OpenFile
0010bce4 000000b8 T FSUSER_DeleteFile
0010bd9c 000000f4 T FSUSER_RenameFile
0010be90 000000b8 T FSUSER_DeleteDirectory
0010bf48 000000d0 T FSUSER_CreateFile
0010c018 000000c0 T FSUSER_CreateDirectory
0010c0d8 000000f4 T FSUSER_RenameDirectory
0010c1cc 000000b4 T FSUSER_OpenDirectory
0010c280 00000090 T FSUSER_OpenArchive
0010c310 0000008c T FSUSER_CloseArchive
0010c39c 00000074 T FSUSER_GetSdmcArchiveResource
0010c410 00000064 T FSUSER_IsSdmcWritable
0010c474 00000064 T FSFILE_Read
0010c4d8 0000006c T FSFILE_Write
0010c544 00000044 T FSFILE_GetSize
0010c588 00000028 T FSFILE_SetSize
0010c5b0 0000003c T FSFILE_Close
0010c5ec 00000024 T FSFILE_Flush
0010c610 00000060 T FSDIR_Read
0010c670 0000003c T FSDIR_Close
0010c6ac 00000060 T rbtree_node_next
0010c70c T __aeabi_read_tp
0010c718 0000002c T __aeabi_d2lz
0010c718 0000002c T __fixdfdi
0010c748 00000040 T __aeabi_d2ulz
0010c748 00000040 T __fixunsdfdi
0010c788 00000130 T __udivmoddi4
0010c8b8 000000e4 T strncat
0010c99c 00000078 T sscanf
0010ca14 00000130 t critical_factorization
0010cb44 0000033c t two_way_long_needle
0010ce80 00000238 T strstr
0010d0b8 00000128 T memcpy
0010d1e0 0000008c T strlen
0010d26c 00000078 T bsearch
0010d2e4 00000050 t get_arg
0010d334 00002b88 T __ssvfscanf_r
0010febc 00000060 t sulp
0010ff20 00001428 T _strtod_l
00111348 00000044 T _strtod_r
0011138c 00000020 T close
001113ac 00000028 T memalign
001113d4 00000264 t _strtoull_l.isra.0
00111638 00000038 T _strtoull_r
00111670 000000f4 t rshift
00111764 000008b4 T __gethex
00112018 00000034 T printf
0011204c 000001ec t _strtoul_l.isra.0
00112238 00000038 T _strtoul_r
00112270 0000003c T strtoul
001122ac 000000c4 T _mbrtowc_r
00112370 00000140 T strchr
001124b0 000000d8 T memcmp
00112588 000000f8 T __sccl
00112680 0000016c T _memalign_r
001127ec 0000000c T __errno
001127f8 0000047c t _strtoll_l.isra.0
00112c74 00000038 T _strtoll_r
00112cac 00000024 T __locale_mb_cur_max
00112cd0 000000e4 T memset
00112db4 0000022c T __sflush_r
00112fe0 000000c4 T _fflush_r
001130a4 00000028 T realloc
001130cc 0000082c T _malloc_r
001138f8 00000114 T _malloc_trim_r
00113a0c 00000314 T _free_r
00113d20 00000294 T setvbuf
00113fb4 000000e4 T _sungetc_r
00114098 0000006c T __ssrefill_r
00114104 000000b4 T _sfread_r
001141b8 0000001c t stdio_exit_handler
001141d4 0000005c t cleanup_stdio
00114230 00000154 t global_stdio_init.part.0
00114384 0000005c T __sinit
001143e0 0000000c T __sfp_lock_acquire
001143ec 0000000c T __sfp_lock_release
001143f8 00000384 t _strtol_l.part.0
0011477c 0000006c T _strtol_r
001147e8 00000084 T __libc_init_array
0011486c 000000d4 T strncpy
00114940 00000040 T malloc
00114980 00000020 T free
001149a0 000000e0 T _puts_r
00114a80 00000020 T puts
00114aa0 00000024 T _localeconv_r
00114ac4 00000044 T __sread
00114b08 00000008 T __seofread
00114b10 00000068 T __swrite
00114b78 00000040 T __sseek
00114bb8 00000008 T __sclose
00114bc0 000004f0 T _realloc_r
001150b0 0000000c T __malloc_lock
001150bc 0000000c T __malloc_unlock
001150c8 00000148 T _fclose_r
00115210 00000004 W __call_exitprocs
00115214 00000030 T exit
00115244 000000f8 T __utf8_wctomb
0011533c 0000003c T __libc_fini_array
00115378 0000003c T strnlen
001153b4 000000d8 T strncmp
0011548c 00000070 T __match
001154fc 000002a8 T __hexnan
001157a4 00000068 T sprintf
00115810 00000010 T nan
00115820 0000000c T nanf
0011582c 000000dc T stpncpy
00115908 0000005c T __assert_func
00115964 00000008 T iswspace
0011596c 00000088 T _Balloc
001159f4 0000001c T _Bfree
00115a10 000000f4 T __multadd
00115b04 0000010c T __s2b
00115c10 00000080 T __hi0bits
00115c90 000000f0 T __lo0bits
00115d80 000000a4 T __i2b
00115e24 00000230 T __multiply
00116054 00000130 T __pow5mult
00116184 00000138 T __lshift
001162bc 00000058 T __mcmp
00116314 00000218 T __mdiff
0011652c 00000068 T __ulp
00116594 000000d4 T __b2d
00116668 00000120 T __d2b
00116788 00000078 T __ratio
00116800 0000008c T __copybits
0011688c 0000005c T __any_on
001168e8 00000070 T _fwalk_sglue
00116958 000005e0 t get_arg
00116f38 00003554 T _vfprintf_r
0011a48c 000000b4 t __sbprintf
0011a540 000000a0 T _wcrtomb_r
0011a5e0 000000b8 T __submore
0011a698 000000a4 T __ssprint_r
0011a73c 00000340 T __utf8_mbtowc
0011aa7c 0000003c T fiprintf
0011aab8 000004a4 T __sfvwrite_r
0011af5c 00000014 T abort
0011af70 00000164 T __smakebuf_r
0011b0d4 00000090 T __swhatbuf_r
0011b164 000000d8 T _calloc_r
0011b23c 00000030 T __sprint_r
0011b26c 000001c0 t quorem
0011b430 00001420 T _dtoa_r
0011c850 000000e8 T memchr
0011c938 00000028 T _wcsrtombs_r
0011c960 00000140 T __swsetup_r
0011caa0 000001a8 T memmove
0011cc48 00000038 T iswspace_l
0011cc80 000005e0 t get_arg
0011d260 0000345c T _svfprintf_r
001206bc 0000012c T __ssputs_r
001207e8 000005e0 t get_arg
00120dc8 000022f8 T _vfiprintf_r
001230c0 000000b4 t __sbprintf
00123174 0000015c T _wcsnrtombs_l
001232d0 00000064 T _wcsnrtombs_r
00123338 00000088 T frexp
001233c0 0000009c T _raise_r
0012345c 00000020 T raise
0012347c 00000090 T category
0012350c 00000020 T _exit
0012352c 00000140 T chdir
0012366c 000001c8 T _concatenate_path
00123834 0000009c T _fstat_r
001238d0 00000014 T _getpid_r
001238e4 0000002c T __getreent
00123910 000000a0 T __release_handle
001239b0 000000b0 T __alloc_handle
00123a60 00000058 T __get_handle
00123ab8 00000110 T _close_r
00123bc8 00000008 t null_write
00123bd0 00000018 T setDefaultDevice
00123be8 00000098 T FindDevice
00123c80 00000024 T RemoveDevice
00123ca4 00000088 T AddDevice
00123d2c 00000020 T GetDeviceOpTab
00123d4c 00000008 T _isatty_r
00123d54 00000014 T _kill_r
00123d68 00000094 T _lseek_r
00123dfc 00000094 T _read_r
00123e90 00000078 W _sbrk_r
00123f08 0000001c T __libc_lock_acquire
00123f24 0000001c T __libc_lock_release
00123f40 0000001c T __libc_lock_acquire_recursive
00123f5c 0000001c T __libc_lock_release_recursive
00123f78 00000094 T _write_r
0012400c 00000048 T strrchr
00124054 T _fini
00125430 r .LC2
001256ec 00000080 r dotab_stdout
0012576c 00000018 r grayScale
00125784 00000006 r colorCube
0012578c 00000030 r colorTable
001257d8 00000008 r morton_y.2
001257e0 00000008 r morton_x.3
001257e8 00000008 r s_sleepWakeEvents.4
001257f0 0000000c r serviceNameTable.5
001257fc R default_font_bin
00125ffc 0000004d r _net_error_code_map
00125ffc R default_font_bin_end
0012604c 00000030 r error_table
0012607c 00000080 r archive_devoptab
00126250 00000022 r basefix.0
001262d4 00000014 r fpinan.0
001262e8 00000014 r fpi.1
00126300 00000028 r tinytens
00126328 00000100 R __hexdig
00126428 00000101 R _ctype_
0012652c 0000000c r p05.0
00126538 00000028 R __mprec_bigtens
00126560 000000c8 R __mprec_tens
00126714 00000010 r zeroes.0
00126724 00000010 r blanks.1
00126734 0000006c R __action_table
001267a0 0000006c R __state_table
0012680c 00000100 R __chclass
00126a00 00000010 r zeroes.0
00126a10 00000010 r blanks.1
00126b0c 00000010 r zeroes.0
00126b1c 00000010 r blanks.1
00126b2c 000037f8 r categories
0012a324 00000080 R dotab_stdnull
0012a3a4 R __tdata_align
0012a3a8 r __EH_FRAME_BEGIN__
0012a3a8 R __exidx_end
0012a3a8 R __exidx_start
0012b000 00000004 d status.1
0012b004 00000001 d firstConsoleInit.0
0012b008 00000004 D currentConsole
0012b00c 00000048 D defaultConsole
0012b054 00000004 d aptChainloadDeliverArgSize
0012b058 00000004 d kCount
0012b05c 00000004 d kInterval
0012b060 00000004 d kDelay
0012b064 00000080 d soc_devoptab
0012b0e4 W __stacksize__
0012b0e8 00000004 D _impure_ptr
0012b0f0 00000200 D _impure_data
0012b2f0 00000254 D __global_locale
0012b544 00000004 D __malloc_sbrk_base
0012b548 00000004 D __malloc_trim_threshold
0012b550 00000408 D __malloc_av_
0012b958 0000000c D __sglue
0012b964 00000400 d _current_working_directory
0012bd68 00001000 d handles
0012cd68 0000000c d __stderr_handle
0012cd74 0000000c d __stdout_handle
0012cd80 0000000c d __stdin_handle
0012cd8c 0000008c D devoptab_list
0012ce18 00000004 d defaultDevice
0012ce24 d _GLOBAL_OFFSET_TABLE_
0012ce30 d __frame_dummy_init_array_entry
0012ce30 D __init_array_start
0012ce30 B __preinit_array_end
0012ce30 B __preinit_array_start
0012ce30 D __tdata_lma
0012ce30 D __tdata_lma_end
0012ce34 d __do_global_dtors_aux_fini_array_entry
0012ce34 D __fini_array_start
0012ce34 D __init_array_end
0012ce38 D __bss_start__
0012ce38 D __fini_array_end
0012ce38 00000020 b input.0
0012ce58 00000004 b socBuffer.2
0012ce5c b completed.1
0012ce60 b object.0
0012ce78 00000064 b escapeSeq
0012cedc 00000048 B currentCopy
0012cf24 00000004 b screenAlloc
0012cf28 00000004 b screenFree
0012cf2c 00000002 b gfxIsDoubleBuf
0012cf30 00000002 b gfxCurBuf
0012cf32 00000001 b gfxIsVram
0012cf33 00000001 b gfxTopMode
0012cf34 00000002 b gfxFramebufferFormats
0012cf38 00000004 b gfxBottomFramebufferMaxSize
0012cf3c 00000004 b gfxTopFramebufferMaxSize
0012cf40 00000008 b gfxBottomFramebuffers
0012cf48 00000008 b gfxTopFramebuffers
0012cf50 00000001 b flagValue.0
0012cf51 00000001 b flagInit.1
0012cf54 00000004 b serviceName.6
0012cf58 00000001 b aptChainloadFlags
0012cf59 00000001 b aptChainloadMediatype
0012cf5c 00000020 b aptChainloadHmac
0012cf7c 00000300 b aptChainloadDeliverArg
0012d280 00000008 b aptChainloadTid
0012d288 00001000 b aptParameters
0012e288 00000004 b aptFlags
0012e28c 00000001 b aptHomeButtonState
0012e290 00000004 b aptMessageFuncData
0012e294 00000004 b aptMessageFunc
0012e298 0000000c b aptFirstHook
0012e2a4 00000001 b aptEventHandlerThreadQuit
0012e2a8 00000004 b aptEventHandlerThread
0012e2ac 00000008 b aptSleepEvent
0012e2b4 00000008 b aptReceiveEvent
0012e2bc 00000008 b aptEvents
0012e2c4 00000004 b aptLockHandle
0012e2c8 00000004 b aptRefCount
0012e2cc 00000007 b gspEventCbOneShot
0012e2d4 0000001c b gspEventCbData
0012e2f0 0000001c b gspEventCb
0012e30c 00000038 b gspEvents
0012e344 00000004 b gspLastEvent
0012e348 00000001 b gspRunEvents
0012e34c 00000004 b gspEventThread
0012e350 00000004 b gspEvent
0012e354 00000001 b gspGpuRight
0012e355 00000001 b gspThreadId
0012e358 00000004 b gspSharedMem
0012e35c 00000004 b gspSharedMemHandle
0012e360 00000004 b gspRefCount
0012e364 00000004 b gspGpuHandle
0012e368 00000001 b usingIrrst
0012e36c 00000004 b hidRefCount
0012e370 00000006 b gRate
0012e378 00000006 b aVec
0012e380 00000004 b cPos
0012e384 00000004 b tPos
0012e388 00000004 b kRepeat
0012e38c 00000004 b kUp
0012e390 00000004 b kDown
0012e394 00000004 b kHeld
0012e398 00000004 b kOld
0012e39c 00000004 B hidSharedMem
0012e3a0 00000014 B hidEvents
0012e3b4 00000004 B hidMemHandle
0012e3b8 00000004 B hidHandle
0012e3bc 00000004 b irrstRefCount
0012e3c0 00000004 b csPos
0012e3c4 00000004 b kHeld
0012e3c8 00000004 B irrstSharedMem
0012e3cc 00000004 B irrstEvent
0012e3d0 00000004 B irrstMemHandle
0012e3d4 00000004 B irrstHandle
0012e3d8 00000004 b swkbdSharedMemHandle
0012e3dc 00000004 b swkbdSharedMem
0012e3e0 00000004 B __system_retAddr
0012e3e4 00000004 B __system_argv
0012e3e8 00000004 B __system_argc
0012e3ec b saved_stack
0012e3f8 00000008 b sLinearPool
0012e400 0000000c b sAddrMap
0012e410 00000008 b sVramPoolB
0012e418 00000008 b sVramPoolA
0012e420 0000000c b sAddrMap
0012e42c 00000004 B __3dslink_host
0012e430 00000001 V __ctru_speedup
0012e434 00000004 b srvRefCount
0012e438 00000004 b srvHandle
0012e43c 00000004 b arbiter
0012e440 00000004 b currentAddr
0012e444 00000004 b maxAddr
0012e448 00000004 b minAddr
0012e44c 00000004 b ptmSysmRefCount
0012e450 00000004 b ptmSysmHandle
0012e454 00000004 b srvPmHandle
0012e458 00000004 B socMemhandle
0012e45c 00000004 B SOCU_handle
0012e460 00000004 V __ctru_linear_heap_size
0012e464 00000004 V __ctru_heap_size
0012e468 00000004 B __ctru_linear_heap
0012e46c 00000004 B __ctru_heap
0012e470 000005c0 b archive_devices
0012ea30 00000004 b archive_device_cwd
0012ea34 00000001 b archive_initialized
0012ea38 00000080 b fsExemptArchives
0012eab8 00000004 b fsuRefCount
0012eabc 00000004 b fsuHandle
0012eac0 00000028 B __malloc_current_mallinfo
0012eae8 00000004 B __malloc_max_total_mem
0012eaec 00000004 B __malloc_max_sbrked_mem
0012eaf0 00000004 B __malloc_top_pad
0012eaf4 0000000c b __sfp_recursive_mutex
0012eb00 00000168 B __sf
0012ec68 00000004 B __stdio_exit_handler
0012ec6c 0000000c b __malloc_recursive_mutex
0012ec78 00000400 b temp_cwd
0012f078 00000004 b __hndl_lock
0012f07c 00000004 B fake_heap_start
0012f080 00000004 B fake_heap_end
0012f084 00000004 b heap_start.0
0012f088 B __tls_start
0012fc90 B __bss_end__
0012fc90 A __end__
0012fc90 B __tls_end
