         w __deregister_frame_info
         w __register_frame_info
         w userAppExit
         w userAppInit
00000000 00000802 B __ctru_dev_utf16_buf
00000000 A __sync_synchronize
00000000 b _TLS_MODULE_BASE_
00000000 a shift
00000000 a shift
00000804 00000401 B __ctru_dev_path_buf
00100000 A __start__
00100000 T _start
00100008 T __service_ptr
0010000c T __apt_appid
00100010 T __heap_size
00100014 T __linear_heap_size
00100018 T __system_arglist
0010001c T __system_runflags
00100020 t startup
00100058 t ClearMem
0010006c t ClrLoop
00100094 T _init
001000ac T __aeabi_idiv
001000ac 00000220 T __divsi3
001000b4 t .divsi3_skip_div0_test
001002cc 00000020 T __aeabi_idivmod
001002ec 00000004 W __aeabi_idiv0
001002ec 00000004 W __aeabi_ldiv0
001002f0 T __aeabi_uldivmod
00100348 00000390 T strcmp
001006d0 t .udivsi3_skip_div0_test
001006d0 T __aeabi_uidiv
001006d0 000001ec T __udivsi3
001008bc 00000020 T __aeabi_uidivmod
001008dc T __aeabi_drsub
001008e4 000002b0 T __aeabi_dsub
001008e4 000002b0 T __subdf3
001008e8 000002ac T __adddf3
001008e8 000002ac T __aeabi_dadd
00100b94 00000024 T __aeabi_ui2d
00100b94 00000024 T __floatunsidf
00100bb8 00000028 T __aeabi_i2d
00100bb8 00000028 T __floatsidf
00100be0 00000048 T __aeabi_f2d
00100be0 00000048 T __extendsfdf2
00100c28 00000074 T __aeabi_ul2d
00100c28 00000074 T __floatundidf
00100c3c 00000060 T __aeabi_l2d
00100c3c 00000060 T __floatdidf
00100c9c t __do_global_dtors_aux
00100cec t frame_dummy
00100d18 00000044 t locked_printf
00100d5c 00000090 t connect_tcp
00100dec 0000005c t apt_callback
00100e48 00000054 t create_key_mask.part.0
00100e9c 00000268 t video_thread_main
00101104 000004a0 T main
001015a4 000001c8 T consoleDrawChar
0010176c 00000170 T consolePrintChar
001018dc 00000cc8 T con_write
001025a4 000000fc t newRow
001026a0 00000180 T consoleInit
00102820 000000cc t gfxPresentFramebuffer
001028ec 0000001c T gfxIsWide
00102908 000000f8 T gfxSetScreenFormat
00102a00 00000010 T gfxSetDoubleBuffering
00102a10 000000d8 T gfxInit
00102ae8 00000010 T gfxInitDefault
00102af8 000000b8 T gfxExit
00102bb0 000000a0 T gfxGetFramebuffer
00102c50 00000100 T gfxFlushBuffers
00102d50 00000050 T gfxSwapBuffers
00102da0 00000050 T gfxSwapBuffersGpu
00102df0 0000000c T __sync_init
00102dfc 00000018 T __sync_fini
00102e14 00000028 T syncArbitrateAddress
00102e3c 0000001c T LightLock_Init
00102e58 000000ac T LightLock_Lock
00102f04 00000040 T LightLock_Unlock
00102f44 00000054 T RecursiveLock_Lock
00102f98 00000054 T RecursiveLock_Unlock
00102fec 00000044 T LightEvent_Init
00103030 000000b8 T LightEvent_Clear
001030e8 000000dc T LightEvent_Signal
001031c4 00000050 T LightEvent_TryWait
00103214 000000ac T LightEvent_Wait
001032c0 000001fc T threadCreate
001034bc 00000038 T threadFree
001034f4 00000024 T threadJoin
00103518 00000030 T threadGetCurrent
00103548 00000040 T threadExit
00103588 00000020 t _thread_begin
001035a8 00000180 t aptConvertScreenForCapture
00103728 00000008 W aptDspSleep
00103730 00000004 W aptDspWakeup
00103734 00000004 W aptDspCancel
00103738 00000138 T aptSendCommand
00103870 00000044 t aptExitProcess
001038b4 00000020 T aptSetHomeAllowed
001038d4 00000394 T aptExit
00103c68 000000d8 T aptHandleSleep
00103d40 00000034 T aptHook
00103d74 0000001c T aptSetMessageCallback
00103d90 00000084 T APT_SleepIfShellClosed
00103e14 00000078 T aptSetSleepAllowed
00103e8c 00000084 T APT_UnlockTransition
00103f10 00000470 t aptEventHandler
00104380 000000bc T APT_ReceiveParameter
0010443c 000000b0 t aptReceiveParameter.constprop.0
001044f0 00000294 t aptScreenTransfer
00104784 000002d0 t aptWaitForWakeUp.isra.0
00104a54 00000114 T aptLaunchLibraryApplet
00104b68 000000f4 T aptJumpToHomeMenu
00104c5c 00000058 T aptMainLoop
00104cb4 00000240 T aptInit
00104ef4 0000005c T APT_SendParameter
00104f50 00000090 T APT_CheckNew3DS
00104fe0 00000c70 t gspHardwareInit
00105c50 00000288 T gspInit
00105ed8 00000104 T gspExit
00105fdc 00000010 T gspHasGpuRight
00105fec 000000a4 T gspPresentBuffer
00106090 00000050 T gspWaitForEvent
001060e0 00000004 W gxCmdQueueInterrupt
001060e4 00000154 t gspEventThreadMain
00106238 00000050 T GSPGPU_FlushDataCache
00106288 00000034 T GSPGPU_SetLcdForceBlack
001062bc 00000084 T GSPGPU_AcquireRight
00106340 00000064 T GSPGPU_ReleaseRight
001063a4 0000007c T GSPGPU_ImportDisplayCaptureInfo
00106420 0000002c T GSPGPU_SaveVramSysArea
0010644c 0000002c T GSPGPU_RestoreVramSysArea
00106478 00000024 W hidShouldUseIrrst
0010649c 000001cc T hidInit
00106668 000000e8 T hidExit
00106750 000002a0 T hidScanInput
001069f0 00000010 T hidKeysHeld
00106a00 00000010 T hidKeysDown
00106a10 000001a4 T irrstInit
00106bb4 000000dc T irrstExit
00106c90 000000b4 T irrstScanInput
00106d44 00000024 T irrstKeysHeld
00106d68 00000174 T connect
00106edc 00000070 T inet_pton
00106f4c 00000034 t soc_read
00106f80 00000034 t soc_write
00106fb4 000000b0 t soc_close
00107064 00000190 T socInit
001071f4 00000088 T socExit
0010727c 00000020 T recv
0010729c 00000148 T socuipc_cmd7
001073e4 00000168 T socuipc_cmd8
0010754c 00000010 T soc_recvfrom
0010755c 000000a4 T recvfrom
00107600 00000020 T send
00107620 0000015c T socuipc_cmd9
0010777c 00000160 T socuipc_cmda
001078dc 00000010 T soc_sendto
001078ec 000000a4 T sendto
00107990 00000108 T shutdown
00107a98 0000016c T socket
00107c04 00000190 t swkbdMessageCallback
00107d94 00000084 T swkbdInit
00107e18 00000064 T swkbdSetHintText
00107e7c 00000088 T swkbdSetButton
00107f04 000003a8 T swkbdInputText
001082ac 000000e8 T utf16_to_utf8
00108394 000000c0 T utf8_to_utf16
00108454 00000038 W __libctru_init
0010848c 0000016c W __system_initArgv
001085f8 00000030 T __syscall_getreent
00108628 00000004 T __syscall_lock_acquire
0010862c 00000004 T __syscall_lock_release
00108630 00000004 T __syscall_lock_acquire_recursive
00108634 00000004 T __syscall_lock_release_recursive
00108638 00000004 T __syscall_exit
0010863c 00000054 T initThreadVars
00108690 00000080 T __system_initSyscalls
00108710 T svcControlMemory
00108730 T svcQueryMemory
00108760 T svcExitProcess
00108768 T svcCreateThread
00108788 T svcExitThread
00108790 T svcSleepThread
00108798 T svcReleaseMutex
001087a0 T svcCreateEvent
001087b4 T svcSignalEvent
001087bc T svcClearEvent
001087c4 T svcCreateMemoryBlock
001087dc T svcMapMemoryBlock
001087e4 T svcUnmapMemoryBlock
001087ec T svcCreateAddressArbiter
00108800 T svcArbitrateAddressNoTimeout
00108808 T svcCloseHandle
00108810 T svcWaitSynchronization
00108818 T svcWaitSynchronizationN
00108840 T svcDuplicateHandle
00108854 T svcConnectToPort
00108868 T svcSendSyncRequest
00108870 T svcGetResourceLimit
00108884 T svcGetResourceLimitLimitValues
0010888c T svcGetResourceLimitCurrentValues
00108894 T svcBreak
0010889c W initSystem
001088ec W __ctru_exit
00108900 00000024 t addrMapNodeComparator(rbtree_node const*, rbtree_node const*)
00108924 00000004 t addrMapNodeDestructor(rbtree_node*)
00108928 0000012c T linearMemAlign
00108a54 00000008 T linearAlloc
00108a5c 0000005c T linearFree
00108ab8 00000088 T MemPool::CoalesceRight(MemBlock*)
00108b40 00000178 T MemPool::Allocate(MemChunk&, unsigned long, int)
00108cb8 00000118 T MemPool::Deallocate(MemChunk const&)
00108dd0 00000030 T MemPool::GetFreeSpace()
00108e00 00000024 t addrMapNodeComparator(rbtree_node const*, rbtree_node const*)
00108e24 00000004 t addrMapNodeDestructor(rbtree_node*)
00108e28 00000248 T vramMemAlignAt
00109070 0000000c T vramAlloc
0010907c 00000094 T vramFree
00109110 0000008c W envGetHandle
0010919c 00000050 W envDestroyHandles
001091ec 00000034 T __ctru_speedup_config
00109220 00000164 T srvInit
00109384 00000064 T srvExit
001093e8 00000060 T srvEnableNotification
00109448 000000a0 T srvGetServiceHandleDirect
001094e8 00000048 T srvGetServiceHandle
00109530 00000034 T srvSubscribe
00109564 00000060 T srvReceiveNotification
001095c4 00000038 T srvPublishToSubscriber
001095fc 00000090 t mappableFindAddressWithin
0010968c 00000028 T mappableInit
001096b4 0000007c T mappableAlloc
00109730 00000004 T mappableFree
00109734 00000078 T ptmSysmInit
001097ac 0000003c T ptmSysmExit
001097e8 00000034 T PTMSYSM_ConfigureNew3DSCPU
0010981c 0000000c T srvPmGetSessionHandle
00109828 0000003c T _net_convert_error
00109864 00000074 T rbtree_find
001098d8 00000010 T rbtree_init
001098e8 00000198 t do_insert
00109a80 00000008 T rbtree_insert
00109a88 00000310 T rbtree_remove
00109d98 00000090 T rbtree_rotate
00109e28 00000054 T decode_utf16
00109e7c 00000140 T decode_utf8
00109fbc 00000054 T encode_utf16
0010a010 000000e0 T encode_utf8
0010a0f0 000001e8 W __system_allocateHeaps
0010a2d8 00000030 W __appExit
0010a308 00000030 W __appInit
0010a338 00000090 W __libctru_exit
0010a3c8 00000024 t error_cmp
0010a3ec 00000050 t archive_translate_error
0010a43c 000000c0 t archive_seek
0010a4fc 00000078 t _archiveInit.part.0
0010a574 00000110 t archiveFindDevice.part.0
0010a684 00000298 t archive_utf16path
0010a91c 00000098 t _archiveUnmountDeviceStruct.part.0
0010a9b4 00000178 t _archiveMountDevice
0010ab2c 000000f8 t archive_diropen
0010ac24 000000ac t archive_fstat
0010acd0 00000074 t archive_fsync
0010ad44 00000074 t archive_close
0010adb8 00000078 t archive_dirclose
0010ae30 000000ec t sdmc_statvfs
0010af1c 000000f8 t archive_chdir
0010b014 0000008c t archive_ftruncate
0010b0a0 000000bc t archive_read
0010b15c 000000a8 t archive_unlink
0010b204 000000c0 t archive_rmdir
0010b2c4 000000d8 t archive_mkdir
0010b39c 000001a0 t archive_stat
0010b53c 00000164 t archive_dirnext
0010b6a0 0000013c t archive_write
0010b7e0 00000254 t archive_open
0010ba34 00000270 t archive_rename
0010bca4 000001c8 T archiveMountSdmc
0010be6c 00000054 T archiveUnmountAll
0010bec0 00000104 T fsInit
0010bfc4 0000003c T fsExit
0010c000 00000068 T fsExemptFromSession
0010c068 00000050 T fsUnexemptFromSession
0010c0b8 000000cc T FSUSER_OpenFile
0010c184 000000b8 T FSUSER_DeleteFile
0010c23c 000000f4 T FSUSER_RenameFile
0010c330 000000b8 T FSUSER_DeleteDirectory
0010c3e8 000000d0 T FSUSER_CreateFile
0010c4b8 000000c0 T FSUSER_CreateDirectory
0010c578 000000f4 T FSUSER_RenameDirectory
0010c66c 000000b4 T FSUSER_OpenDirectory
0010c720 00000090 T FSUSER_OpenArchive
0010c7b0 0000008c T FSUSER_CloseArchive
0010c83c 00000074 T FSUSER_GetSdmcArchiveResource
0010c8b0 00000064 T FSUSER_IsSdmcWritable
0010c914 00000064 T FSFILE_Read
0010c978 0000006c T FSFILE_Write
0010c9e4 00000044 T FSFILE_GetSize
0010ca28 00000028 T FSFILE_SetSize
0010ca50 0000003c T FSFILE_Close
0010ca8c 00000024 T FSFILE_Flush
0010cab0 00000060 T FSDIR_Read
0010cb10 0000003c T FSDIR_Close
0010cb4c 00000060 T rbtree_node_next
0010cbac T __aeabi_read_tp
0010cbb8 0000002c T __aeabi_d2lz
0010cbb8 0000002c T __fixdfdi
0010cbe8 00000040 T __aeabi_d2ulz
0010cbe8 00000040 T __fixunsdfdi
0010cc28 00000130 T __udivmoddi4
0010cd58 000000e4 T strncat
0010ce3c 00000078 T sscanf
0010ceb4 00000130 t critical_factorization
0010cfe4 0000033c t two_way_long_needle
0010d320 00000238 T strstr
0010d558 00000128 T memcpy
0010d680 0000002c T vprintf
0010d6ac 0000008c T strlen
0010d738 00000078 T bsearch
0010d7b0 00000050 t get_arg
0010d800 00002b88 T __ssvfscanf_r
00110388 00000060 t sulp
001103e8 00001428 T _strtod_l
00111810 00000044 T _strtod_r
00111854 00000020 T close
00111874 000005e0 t get_arg
00111e58 00003554 T _vfprintf_r
001153ac 000000b4 t __sbprintf
00115460 00000028 T memalign
00115488 00000264 t _strtoull_l.isra.0
001156ec 00000038 T _strtoull_r
00115724 000000a0 T _wcrtomb_r
001157c4 000000f4 t rshift
001158b8 000008b4 T __gethex
0011616c 00000034 T printf
001161a0 000001ec t _strtoul_l.isra.0
0011638c 00000038 T _strtoul_r
001163c4 0000003c T strtoul
00116400 000000a4 T __ssprint_r
001164a4 000000c4 T _mbrtowc_r
00116568 00000140 T strchr
001166a8 000000d8 T memcmp
00116780 000000f8 T __sccl
00116878 0000016c T _memalign_r
001169e4 0000000c T __errno
001169f0 0000047c t _strtoll_l.isra.0
00116e6c 00000038 T _strtoll_r
00116ea4 00000024 T __locale_mb_cur_max
00116ec8 000000e4 T memset
00116fac 0000022c T __sflush_r
001171d8 000000c4 T _fflush_r
0011729c 00000030 T __sprint_r
001172cc 00000028 T realloc
001172f4 0000082c T _malloc_r
00117b20 000001c0 t quorem
00117ce0 00001420 T _dtoa_r
00119100 00000114 T _malloc_trim_r
00119214 00000314 T _free_r
00119528 00000294 T setvbuf
001197bc 000000e4 T _sungetc_r
001198a0 0000006c T __ssrefill_r
0011990c 000000b4 T _sfread_r
001199c0 0000001c t stdio_exit_handler
001199dc 0000005c t cleanup_stdio
00119a38 00000154 t global_stdio_init.part.0
00119b8c 0000005c T __sinit
00119be8 0000000c T __sfp_lock_acquire
00119bf4 0000000c T __sfp_lock_release
00119c00 00000384 t _strtol_l.part.0
00119f84 0000006c T _strtol_r
00119ff0 00000084 T __libc_init_array
0011a074 000000d4 T strncpy
0011a148 00000040 T malloc
0011a188 00000020 T free
0011a1a8 000000e8 T memchr
0011a290 00000028 T _wcsrtombs_r
0011a2b8 00000140 T __swsetup_r
0011a3f8 000000e0 T _puts_r
0011a4d8 00000020 T puts
0011a4f8 00000024 T _localeconv_r
0011a51c 00000044 T __sread
0011a560 00000008 T __seofread
0011a568 00000068 T __swrite
0011a5d0 00000040 T __sseek
0011a610 00000008 T __sclose
0011a618 000004f0 T _realloc_r
0011ab08 0000000c T __malloc_lock
0011ab14 0000000c T __malloc_unlock
0011ab20 00000148 T _fclose_r
0011ac68 00000004 W __call_exitprocs
0011ac6c 00000030 T exit
0011ac9c 0000012c T __ssputs_r
0011adc8 000000f8 T __utf8_wctomb
0011aec0 0000003c T __libc_fini_array
0011aefc 0000003c T strnlen
0011af38 000000d8 T strncmp
0011b010 0000015c T _wcsnrtombs_l
0011b16c 00000064 T _wcsnrtombs_r
0011b1d0 00000070 T __match
0011b240 000002a8 T __hexnan
0011b4e8 00000068 T sprintf
0011b550 00000010 T nan
0011b560 0000000c T nanf
0011b570 00000088 T frexp
0011b5f8 000000dc T stpncpy
0011b6d4 0000005c T __assert_func
0011b730 00000008 T iswspace
0011b738 00000088 T _Balloc
0011b7c0 0000001c T _Bfree
0011b7dc 000000f4 T __multadd
0011b8d0 0000010c T __s2b
0011b9dc 00000080 T __hi0bits
0011ba5c 000000f0 T __lo0bits
0011bb4c 000000a4 T __i2b
0011bbf0 00000230 T __multiply
0011be20 00000130 T __pow5mult
0011bf50 00000138 T __lshift
0011c088 00000058 T __mcmp
0011c0e0 00000218 T __mdiff
0011c2f8 00000068 T __ulp
0011c360 000000d4 T __b2d
0011c434 00000120 T __d2b
0011c554 00000078 T __ratio
0011c5cc 0000008c T __copybits
0011c658 0000005c T __any_on
0011c6b4 00000070 T _fwalk_sglue
0011c724 000000b8 T __submore
0011c7dc 00000340 T __utf8_mbtowc
0011cb1c 0000003c T fiprintf
0011cb58 000004a4 T __sfvwrite_r
0011cffc 00000014 T abort
0011d010 00000164 T __smakebuf_r
0011d174 00000090 T __swhatbuf_r
0011d204 000000d8 T _calloc_r
0011d2dc 000001a8 T memmove
0011d484 00000038 T iswspace_l
0011d4bc 000005e0 t get_arg
0011daa0 0000345c T _svfprintf_r
00120efc 000005e0 t get_arg
001214dc 000022f8 T _vfiprintf_r
001237d4 000000b4 t __sbprintf
00123888 0000009c T _raise_r
00123924 00000020 T raise
00123944 00000090 T category
001239d4 00000020 T _exit
001239f4 00000140 T chdir
00123b34 000001c8 T _concatenate_path
00123cfc 0000009c T _fstat_r
00123d98 00000014 T _getpid_r
00123dac 0000002c T __getreent
00123dd8 000000a0 T __release_handle
00123e78 000000b0 T __alloc_handle
00123f28 00000058 T __get_handle
00123f80 00000110 T _close_r
00124090 00000008 t null_write
00124098 00000018 T setDefaultDevice
001240b0 00000098 T FindDevice
00124148 00000024 T RemoveDevice
0012416c 00000088 T AddDevice
001241f4 00000020 T GetDeviceOpTab
00124214 00000008 T _isatty_r
0012421c 00000014 T _kill_r
00124230 00000094 T _lseek_r
001242c4 00000094 T _read_r
00124358 00000078 W _sbrk_r
001243d0 0000001c T __libc_lock_acquire
001243ec 0000001c T __libc_lock_release
00124408 0000001c T __libc_lock_acquire_recursive
00124424 0000001c T __libc_lock_release_recursive
00124440 00000094 T _write_r
001244d4 00000048 T strrchr
0012451c T _fini
001254f4 r .LC2
00125864 00000080 r dotab_stdout
001258e4 00000018 r grayScale
001258fc 00000006 r colorCube
00125904 00000030 r colorTable
00125950 00000008 r morton_y.2
00125958 00000008 r morton_x.3
00125960 00000008 r s_sleepWakeEvents.4
00125968 0000000c r serviceNameTable.5
00125974 R default_font_bin
00126174 0000004d r _net_error_code_map
00126174 R default_font_bin_end
001261c4 00000030 r error_table
001261f4 00000080 r archive_devoptab
001263c8 00000022 r basefix.0
0012644c 00000014 r fpinan.0
00126460 00000014 r fpi.1
00126478 00000028 r tinytens
0012658c 00000010 r zeroes.0
0012659c 00000010 r blanks.1
001265ac 0000006c R __action_table
00126618 0000006c R __state_table
00126684 00000100 R __chclass
00126784 00000100 R __hexdig
0012688c 00000101 R _ctype_
00126990 0000000c r p05.0
001269a0 00000028 R __mprec_bigtens
001269c8 000000c8 R __mprec_tens
00126b7c 00000010 r zeroes.0
00126b8c 00000010 r blanks.1
00126c88 00000010 r zeroes.0
00126c98 00000010 r blanks.1
00126ca8 000037f8 r categories
0012a4a0 00000080 R dotab_stdnull
0012a520 R __tdata_align
0012a524 r __EH_FRAME_BEGIN__
0012a524 R __exidx_end
0012a524 R __exidx_start
0012b000 00000004 d status.2
0012b004 00000001 d firstConsoleInit.0
0012b008 00000004 D currentConsole
0012b00c 00000048 D defaultConsole
0012b054 00000004 d aptChainloadDeliverArgSize
0012b058 00000004 d kCount
0012b05c 00000004 d kInterval
0012b060 00000004 d kDelay
0012b064 00000080 d soc_devoptab
0012b0e4 W __stacksize__
0012b0e8 00000004 D _impure_ptr
0012b0f0 00000200 D _impure_data
0012b2f0 00000254 D __global_locale
0012b544 00000004 D __malloc_sbrk_base
0012b548 00000004 D __malloc_trim_threshold
0012b550 00000408 D __malloc_av_
0012b958 0000000c D __sglue
0012b964 00000400 d _current_working_directory
0012bd68 00001000 d handles
0012cd68 0000000c d __stderr_handle
0012cd74 0000000c d __stdout_handle
0012cd80 0000000c d __stdin_handle
0012cd8c 0000008c D devoptab_list
0012ce18 00000004 d defaultDevice
0012ce24 d _GLOBAL_OFFSET_TABLE_
0012ce30 d __frame_dummy_init_array_entry
0012ce30 D __init_array_start
0012ce30 B __preinit_array_end
0012ce30 B __preinit_array_start
0012ce30 D __tdata_lma
0012ce30 D __tdata_lma_end
0012ce34 d __do_global_dtors_aux_fini_array_entry
0012ce34 D __fini_array_start
0012ce34 D __init_array_end
0012ce38 D __bss_start__
0012ce38 D __fini_array_end
0012ce38 0000000c b hookCookie
0012ce44 00000004 b socBuffer.3
0012ce48 00000020 b input.0
0012ce68 00100000 b nalBuf.1
0022ce68 b completed.1
0022ce6c b object.0
0022ce84 00000064 b escapeSeq
0022cee8 00000048 B currentCopy
0022cf30 00000004 b screenAlloc
0022cf34 00000004 b screenFree
0022cf38 00000002 b gfxIsDoubleBuf
0022cf3c 00000002 b gfxCurBuf
0022cf3e 00000001 b gfxIsVram
0022cf3f 00000001 b gfxTopMode
0022cf40 00000002 b gfxFramebufferFormats
0022cf44 00000004 b gfxBottomFramebufferMaxSize
0022cf48 00000004 b gfxTopFramebufferMaxSize
0022cf50 00000008 b gfxBottomFramebuffers
0022cf58 00000008 b gfxTopFramebuffers
0022cf60 00000004 b arbiter
0022cf64 00000001 b flagValue.0
0022cf65 00000001 b flagInit.1
0022cf68 00000004 b serviceName.6
0022cf6c 00000001 b aptChainloadFlags
0022cf6d 00000001 b aptChainloadMediatype
0022cf70 00000020 b aptChainloadHmac
0022cf90 00000300 b aptChainloadDeliverArg
0022d290 00000008 b aptChainloadTid
0022d298 00001000 b aptParameters
0022e298 00000004 b aptFlags
0022e29c 00000001 b aptHomeButtonState
0022e2a0 00000004 b aptMessageFuncData
0022e2a4 00000004 b aptMessageFunc
0022e2a8 0000000c b aptFirstHook
0022e2b4 00000001 b aptEventHandlerThreadQuit
0022e2b8 00000004 b aptEventHandlerThread
0022e2bc 00000008 b aptSleepEvent
0022e2c4 00000008 b aptReceiveEvent
0022e2cc 00000008 b aptEvents
0022e2d4 00000004 b aptLockHandle
0022e2d8 00000004 b aptRefCount
0022e2dc 00000007 b gspEventCbOneShot
0022e2e4 0000001c b gspEventCbData
0022e300 0000001c b gspEventCb
0022e31c 00000038 b gspEvents
0022e354 00000004 b gspLastEvent
0022e358 00000001 b gspRunEvents
0022e35c 00000004 b gspEventThread
0022e360 00000004 b gspEvent
0022e364 00000001 b gspGpuRight
0022e365 00000001 b gspThreadId
0022e368 00000004 b gspSharedMem
0022e36c 00000004 b gspSharedMemHandle
0022e370 00000004 b gspRefCount
0022e374 00000004 b gspGpuHandle
0022e378 00000001 b usingIrrst
0022e37c 00000004 b hidRefCount
0022e380 00000006 b gRate
0022e388 00000006 b aVec
0022e390 00000004 b cPos
0022e394 00000004 b tPos
0022e398 00000004 b kRepeat
0022e39c 00000004 b kUp
0022e3a0 00000004 b kDown
0022e3a4 00000004 b kHeld
0022e3a8 00000004 b kOld
0022e3ac 00000004 B hidSharedMem
0022e3b0 00000014 B hidEvents
0022e3c4 00000004 B hidMemHandle
0022e3c8 00000004 B hidHandle
0022e3cc 00000004 b irrstRefCount
0022e3d0 00000004 b csPos
0022e3d4 00000004 b kHeld
0022e3d8 00000004 B irrstSharedMem
0022e3dc 00000004 B irrstEvent
0022e3e0 00000004 B irrstMemHandle
0022e3e4 00000004 B irrstHandle
0022e3e8 00000004 b swkbdSharedMemHandle
0022e3ec 00000004 b swkbdSharedMem
0022e3f0 00000004 B __system_retAddr
0022e3f4 00000004 B __system_argv
0022e3f8 00000004 B __system_argc
0022e3fc b saved_stack
0022e408 00000008 b sLinearPool
0022e410 0000000c b sAddrMap
0022e420 00000008 b sVramPoolB
0022e428 00000008 b sVramPoolA
0022e430 0000000c b sAddrMap
0022e43c 00000004 B __3dslink_host
0022e440 00000001 V __ctru_speedup
0022e444 00000004 b srvRefCount
0022e448 00000004 b srvHandle
0022e44c 00000004 b currentAddr
0022e450 00000004 b maxAddr
0022e454 00000004 b minAddr
0022e458 00000004 b ptmSysmRefCount
0022e45c 00000004 b ptmSysmHandle
0022e460 00000004 b srvPmHandle
0022e464 00000004 B socMemhandle
0022e468 00000004 B SOCU_handle
0022e46c 00000004 V __ctru_linear_heap_size
0022e470 00000004 V __ctru_heap_size
0022e474 00000004 B __ctru_linear_heap
0022e478 00000004 B __ctru_heap
0022e480 000005c0 b archive_devices
0022ea40 00000004 b archive_device_cwd
0022ea44 00000001 b archive_initialized
0022ea48 00000080 b fsExemptArchives
0022eac8 00000004 b fsuRefCount
0022eacc 00000004 b fsuHandle
0022ead0 00000028 B __malloc_current_mallinfo
0022eaf8 00000004 B __malloc_max_total_mem
0022eafc 00000004 B __malloc_max_sbrked_mem
0022eb00 00000004 B __malloc_top_pad
0022eb04 0000000c b __sfp_recursive_mutex
0022eb10 00000168 B __sf
0022ec78 00000004 B __stdio_exit_handler
0022ec7c 0000000c b __malloc_recursive_mutex
0022ec88 00000400 b temp_cwd
0022f088 00000004 b __hndl_lock
0022f08c 00000004 B fake_heap_start
0022f090 00000004 B fake_heap_end
0022f094 00000004 b heap_start.0
0022f098 B __tls_start
0022fca0 B __bss_end__
0022fca0 A __end__
0022fca0 B __tls_end
